1.10109s Fabiano joined Fabiano
8.19433s Jana joined Jana
8.19439s Fabiano startgame 1
8.19451s Fabiano startturn 1
10.8589s Fabiano dice Fabiano 4 6 3 4 3
10.859s Jana startturn 1
13.0273s Jana dice Jana 1 2 2 1 2
13.0273s Fabiano startturn 2 1
13.0274s Fabiano startturn 2 1
22.192s Fabiano folded Fabiano
22.1921s Jana startturn 2 1
22.1921s Jana endgame Jana 2
35.6904s Jana startgame 1
35.6904s Jana startturn 1
35.6904s Jana startturn 1
38.19s Jana dice Jana 5 6 2 2 3
38.19s Fabiano startturn 1
52.0226s Fabiano dice Fabiano 5 2 4 3 6
52.0227s Jana startturn 2 1
52.0227s Jana startturn 2 1
58.3569s Jana betplaced Jana 3 4
58.3569s Fabiano startturn 2 3
72.0225s Fabiano betplaced Fabiano 4 7
72.0226s Jana startturn 3 4
72.0226s Jana startturn 3 4
82.6892s Jana betplaced Jana 4 8
82.6893s Fabiano startturn 3 4
82.8535s Fabiano betplaced Fabiano 4 8
82.8535s Jana startturn 4
82.8536s Jana startturn 4
87.0199s Jana dice Jana 2 2 3 5 1
87.02s Fabiano startturn 4
92.0196s Fabiano dice Fabiano 2 3 4 5 6
92.0197s Jana endgame Jana 8
100.019s Fabiano startgame 1
100.019s Fabiano startturn 1
100.019s Fabiano startturn 1
104.019s Fabiano dice Fabiano 2 4 5 4 5
104.019s Jana startturn 1
106.685s Jana dice Jana 5 4 6 4 6
106.686s Fabiano startturn 2 1
106.686s Fabiano startturn 2 1
121.019s Fabiano betplaced Fabiano 0 1
121.019s Jana startturn 2 1
130.019s Jana betplaced Jana 4 4
130.019s Fabiano startturn 3 4
130.019s Fabiano startturn 3 4
138.018s Fabiano betplaced Fabiano 0 4
138.018s Jana startturn 3 4
138.352s Jana betplaced Jana 4 4
138.352s Fabiano startturn 4
138.352s Fabiano startturn 4
141.351s Fabiano dice Fabiano 4 4 5 5 1
141.352s Jana startturn 4
147.016s Jana dice Jana 4 5 6 6 2
147.016s Fabiano endgame Jana 4
169.016s Fabiano quit Fabiano
586.086s Jana quit Jana
654.717s Fabiano joined Fabiano
