10.7166s hicky joined hicky
19.049s mariane joined mariane
19.0491s hicky startgame 1
19.0491s hicky startturn 1
27.052s hicky dice hicky 3 2 4 4 4
55.887s mariane startturn 1
71.2192s mariane dice mariane 1 4 2 2 5
86.5507s hicky startturn 2 1
86.5507s hicky startturn 2 1
93.7112s hicky betplaced hicky 1 2
93.7112s mariane startturn 2 1
115.209s mariane betplaced mariane 2 3
115.209s hicky startturn 3 2
115.209s hicky startturn 3 2
128.042s hicky betplaced hicky 2 4
128.042s mariane startturn 3 2
177.206s mariane betplaced mariane 2 4
177.206s hicky startturn 4
177.206s hicky startturn 4
256.376s hicky dice hicky 2 4 4 6 1
263.71s hicky dice hicky 2 4 4 1 1
269.04s mariane startturn 4
299.707s mariane dice mariane 1 1 2 2 5
308.039s hicky endgame mariane 4
343.861s mariane startgame 1
343.861s mariane startturn 1
343.861s mariane startturn 1
356.87s mariane dice mariane 4 5 4 2 6
362.868s mariane dice mariane 4 4 3 4 4
369.698s hicky startturn 1
378.869s hicky dice hicky 6 6 6 3 6
404.866s mariane startturn 2 1
404.866s mariane startturn 2 1
453.354s mariane betplaced mariane 2 3
453.354s hicky startturn 2 2
472.686s hicky betplaced hicky 2 4
472.686s mariane startturn 3 2
472.686s mariane startturn 3 2
541.347s mariane betplaced mariane 2 4
541.347s hicky startturn 3 2
541.68s hicky betplaced hicky 2 4
541.68s mariane startturn 4
541.68s mariane startturn 4
560.851s mariane dice mariane 1 5 5 2 5
568.85s hicky startturn 4
589.022s hicky dice hicky 2 4 1 2 5
592.855s hicky dice hicky 2 4 1 2 1
603.685s hicky dice hicky 2 4 1 2 2
607.18s mariane endgame hicky 4
827.762s mariane quit mariane
