15.9326s Inês joined Inês
16.2638s Heitor joined Heitor
16.2639s Inês startgame 1
16.2639s Inês startturn 1
50.77s Inês dice Inês 1 4 2 1 5
68.7717s Inês dice Inês 1 4 2 1 5
85.2627s Heitor startturn 1
100.101s Heitor dice Heitor 3 4 5 6 3
158.099s Inês startturn 2 1
158.099s Inês startturn 2 1
169.588s Inês betplaced Inês 3 4
169.588s Heitor startturn 2 3
188.087s Heitor folded Heitor
188.088s Inês startturn 3 3
188.088s Inês startturn 3 3
188.088s Inês endgame Inês 4
201.422s Heitor startgame 1
201.422s Heitor startturn 1
201.422s Heitor startturn 1
222.096s Heitor dice Heitor 4 1 5 5 1
233.427s Inês startturn 1
259.76s Inês dice Inês 1 1 1 2 5
275.918s Heitor startturn 2 1
275.918s Heitor startturn 2 1
299.08s Heitor betplaced Heitor 2 3
299.08s Inês startturn 2 2
307.58s Inês betplaced Inês 2 4
307.58s Heitor startturn 3 2
307.58s Heitor startturn 3 2
307.748s Heitor betplaced Heitor 2 4
307.748s Inês startturn 3 2
307.914s Inês betplaced Inês 2 4
307.914s Heitor startturn 4
307.914s Heitor startturn 4
339.256s Heitor dice Heitor 5 1 4 1 5
345.25s Inês startturn 4
359.92s Inês dice Inês 2 1 1 2 5
372.086s Heitor endgame Heitor 4
379.911s Inês startgame 1
379.911s Inês startturn 1
379.911s Inês startturn 1
391.75s Inês dice Inês 1 6 4 6 1
396.919s Inês dice Inês 1 6 4 6 3
407.75s Heitor startturn 1
420.583s Heitor dice Heitor 1 2 2 2 4
427.413s Inês startturn 2 1
427.413s Inês startturn 2 1
485.238s Inês folded Inês
485.238s Heitor startturn 2 1
485.238s Heitor endgame Heitor 2
