8.65839s Fabiano joined Fabiano
9.82249s Jana joined Jana
9.82253s Fabiano startgame 1
9.82253s Fabiano startturn 1
17.4983s Fabiano dice Fabiano 1 2 3 6 4
20.5001s Fabiano dice Fabiano 1 4 3 6 4
22.8314s Fabiano dice Fabiano 4 3 6 4 2
27.1689s Fabiano dice Fabiano 4 1 3 6 4
43.4957s Fabiano dice Fabiano 6 4 4 3 2
63.9963s Jana startturn 1
93.825s Jana dice Jana 6 1 5 1 2
98.1588s Jana dice Jana 6 1 2 5 4
116.325s Fabiano startturn 2 1
116.326s Fabiano startturn 2 1
126.315s Fabiano betplaced Fabiano 2 3
126.315s Jana startturn 2 2
131.817s Jana betplaced Jana 2 4
131.817s Fabiano startturn 3 2
131.817s Fabiano startturn 3 2
131.982s Fabiano betplaced Fabiano 2 4
131.982s Jana startturn 3 2
132.315s Jana betplaced Jana 2 4
132.315s Fabiano startturn 4
132.315s Fabiano startturn 4
160.151s Fabiano dice Fabiano 3 4 6 3 2
