3.90898s Alex joined Alex
14.7582s Arthur joined Arthur
14.7583s Alex startgame 1
14.7583s Alex startturn 1
27.4741s Alex dice Alex 3 5 1 1 4
27.4741s Arthur startturn 1
28.8741s Arthur dice Arthur 5 5 1 1 5
28.8741s Alex startturn 2 1
28.8741s Alex startturn 2 1
36.1069s Alex betplaced Alex 5 6
36.107s Arthur startturn 2 5
65.622s Arthur betplaced Arthur 5 10
65.622s Alex startturn 3 5
65.622s Alex startturn 3 5
65.7386s Alex betplaced Alex 5 10
65.7387s Arthur startturn 3 5
65.8555s Arthur betplaced Arthur 5 10
65.8555s Alex startturn 4
65.8555s Alex startturn 4
69.4716s Alex dice Alex 1 1 3 5 2
69.4717s Arthur startturn 4
71.4552s Arthur dice Arthur 1 1 5 5 5
71.4552s Alex endgame Alex 10
92.6872s Arthur quit Arthur
