2.07454s Tussi joined Tussi
4.27428s Alemanha joined Alemanha
4.27432s Tussi startgame 1
4.27433s Tussi startturn 1
16.0917s Tussi dice Tussi 5 1 6 5 1
25.7496s Alemanha startturn 1
43.9224s Alemanha dice Alemanha 4 3 6 3 3
49.7476s Tussi startturn 2 1
49.7476s Tussi startturn 2 1
72.0757s Tussi folded Tussi
72.0758s Alemanha startturn 2 1
72.0758s Alemanha endgame Alemanha 2
82.076s Alemanha startgame 1
82.0761s Alemanha startturn 1
82.0762s Alemanha startturn 1
103.581s Alemanha dice Alemanha 1 1 4 6 1
114.908s Tussi startturn 1
145.405s Tussi dice Tussi 6 5 6 2 1
153.075s Alemanha startturn 2 1
153.075s Alemanha startturn 2 1
179.566s Alemanha betplaced Alemanha 1 2
179.566s Tussi startturn 2 1
183.066s Tussi folded Tussi
183.066s Alemanha startturn 3 1
183.066s Alemanha startturn 3 1
183.066s Alemanha endgame Alemanha 2
193.231s Tussi startgame 1
193.231s Tussi startturn 1
193.231s Tussi startturn 1
233.065s Tussi dice Tussi 2 4 4 1 6
241.4s Tussi dice Tussi 2 1 4 4 5
249.727s Tussi dice Tussi 2 1 4 6 5
253.731s Alemanha startturn 1
266.066s Alemanha dice Alemanha 5 6 4 5 4
279.896s Tussi startturn 2 1
279.896s Tussi startturn 2 1
282.554s Tussi betplaced Tussi 1 2
282.554s Alemanha startturn 2 1
344.047s Alemanha betplaced Alemanha 1 2
344.047s Tussi startturn 3 1
344.047s Tussi startturn 3 1
344.213s Tussi betplaced Tussi 1 2
344.213s Alemanha startturn 3 1
344.379s Alemanha betplaced Alemanha 1 2
344.379s Tussi startturn 4
344.379s Tussi startturn 4
406.048s Tussi dice Tussi 3 6 2 6 5
417.492s Alemanha startturn 4
423.492s Alemanha dice Alemanha 4 4 6 5 4
434.829s Tussi endgame Alemanha 2
461.318s Alemanha quit Alemanha
461.485s Tussi quit Tussi
