14.855s Fabiano joined Fabiano
15.5241s Jana joined Jana
15.5242s Fabiano startgame 1
15.5242s Fabiano startturn 1
24.143s Fabiano dice Fabiano 5 2 1 5 4
40.8306s Jana startturn 1
56.2411s Jana dice Jana 1 1 2 6 2
62.9898s Jana dice Jana 1 1 2 6 1
70.339s Jana dice Jana 1 1 2 6 1
81.6274s Fabiano startturn 2 1
81.6275s Fabiano startturn 2 1
99.2843s Fabiano betplaced Fabiano 2 3
99.2844s Jana startturn 2 2
108.118s Jana betplaced Jana 3 5
108.118s Fabiano startturn 3 3
108.118s Fabiano startturn 3 3
113.615s Fabiano betplaced Fabiano 3 6
113.615s Jana startturn 3 3
113.95s Jana betplaced Jana 3 6
113.95s Fabiano startturn 4
113.95s Fabiano startturn 4
127.129s Fabiano dice Fabiano 5 3 4 5 5
131.519s Fabiano dice Fabiano 5 6 4 5 5
138.419s Fabiano dice Fabiano 5 1 4 5 5
145.041s Fabiano dice Fabiano 5 4 5 5 3
159.784s Jana startturn 4
171.241s Jana dice Jana 3 5 5 2 6
181.649s Fabiano endgame Fabiano 6
233.724s Jana startgame 1
233.724s Jana startturn 1
233.724s Jana startturn 1
242.651s Jana dice Jana 6 2 5 3 1
254.979s Fabiano startturn 1
262.86s Fabiano dice Fabiano 4 6 5 3 2
271.042s Fabiano dice Fabiano 4 3 6 5 2
274.831s Jana startturn 2 1
274.831s Jana startturn 2 1
280.52s Jana betplaced Jana 2 3
280.52s Fabiano startturn 2 2
290.119s Fabiano betplaced Fabiano 3 5
290.12s Jana startturn 3 3
290.12s Jana startturn 3 3
