62.4541s Alemanha joined Alemanha
62.5371s Tussi joined Tussi
62.5371s Alemanha startgame 1
62.5372s Alemanha startturn 1
75.3701s Alemanha dice Alemanha 6 1 1 4 2
75.3702s Tussi startturn 1
77.4952s Tussi dice Tussi 3 1 1 2 6
77.4953s Alemanha startturn 2 1
77.4953s Alemanha startturn 2 1
133.494s Alemanha betplaced Alemanha 1 2
133.494s Tussi startturn 2 1
138.786s Tussi betplaced Tussi 5 6
138.786s Alemanha startturn 3 5
138.786s Alemanha startturn 3 5
153.411s Alemanha betplaced Alemanha 5 10
153.411s Tussi startturn 3 5
160.744s Tussi betplaced Tussi 5 10
160.744s Alemanha startturn 4
160.744s Alemanha startturn 4
170.243s Alemanha dice Alemanha 1 2 4 6 6
170.243s Tussi startturn 4
178.411s Tussi dice Tussi 1 1 2 3 3
178.411s Alemanha endgame Alemanha 10
207.834s Tussi startgame 1
207.834s Tussi startturn 1
207.834s Tussi startturn 1
209.96s Tussi dice Tussi 2 1 2 2 2
209.96s Alemanha startturn 1
214.961s Alemanha dice Alemanha 1 1 3 3 1
214.961s Tussi startturn 2 1
214.961s Tussi startturn 2 1
229.631s Tussi folded Tussi
229.631s Alemanha startturn 2 1
229.631s Alemanha endgame Alemanha 1
249.801s Alemanha startgame 1
249.801s Alemanha startturn 1
249.801s Alemanha startturn 1
264.637s Alemanha dice Alemanha 4 4 3 6 3
264.637s Tussi startturn 1
266.012s Tussi dice Tussi 5 6 5 5 4
266.012s Alemanha startturn 2 1
266.012s Alemanha startturn 2 1
346.688s Alemanha betplaced Alemanha 1 1
346.688s Tussi startturn 2 1
350.313s Tussi betplaced Tussi 0 1
350.313s Alemanha startturn 3 1
350.313s Alemanha startturn 3 1
350.438s Alemanha betplaced Alemanha 1 1
350.438s Tussi startturn 3 1
353.522s Tussi betplaced Tussi 0 1
353.522s Alemanha startturn 4
353.522s Alemanha startturn 4
365.648s Alemanha dice Alemanha 3 3 4 4 1
365.648s Tussi startturn 4
380.524s Tussi dice Tussi 5 5 5 2 5
380.524s Alemanha endgame Tussi 1
777.269s Tussi quit Tussi
787.019s Alemanha quit Alemanha
