17.4151s Heitor joined Heitor
17.4985s Inês joined Inês
17.4985s Heitor startgame 1
17.4985s Heitor startturn 1
24.6229s Heitor dice Heitor 6 3 1 6 6
24.6229s Inês startturn 1
28.331s Inês dice Inês 2 6 6 5 5
28.3311s Heitor startturn 2 1
28.3311s Heitor startturn 2 1
124.492s Heitor betplaced Heitor 2 3
124.492s Inês startturn 2 2
128.658s Inês betplaced Inês 2 4
128.658s Heitor startturn 3 2
128.658s Heitor startturn 3 2
128.825s Heitor betplaced Heitor 2 4
128.825s Inês startturn 3 2
129.033s Inês betplaced Inês 2 4
129.033s Heitor startturn 4
129.033s Heitor startturn 4
138.657s Heitor dice Heitor 6 6 6 5 6
138.657s Inês startturn 4
145.407s Inês dice Inês 5 5 6 6 6
145.407s Heitor endgame Heitor 4
197.487s Inês startgame 1
197.487s Inês startturn 1
197.487s Inês startturn 1
199.862s Inês dice Inês 6 5 3 3 1
199.862s Heitor startturn 1
207.445s Heitor dice Heitor 3 2 4 5 6
207.445s Inês startturn 2 1
207.445s Inês startturn 2 1
263.067s Inês betplaced Inês 2 3
263.067s Heitor startturn 2 2
282.274s Heitor betplaced Heitor 3 5
282.274s Inês startturn 3 3
282.274s Inês startturn 3 3
288.94s Inês betplaced Inês 3 6
288.94s Heitor startturn 3 3
289.19s Heitor betplaced Heitor 3 6
289.19s Inês startturn 4
289.19s Inês startturn 4
293.565s Inês dice Inês 1 3 3 5 5
293.565s Heitor startturn 4
374.268s Heitor dice Heitor 3 5 6 3 5
374.268s Inês endgame Inês 6
